<?xml version="1.0" encoding="UTF-8"?>
<testsuite xmlns:xsi="http://www.w3.org/2001/XMLSchema-instance" xsi:noNamespaceSchemaLocation="https://maven.apache.org/surefire/maven-surefire-plugin/xsd/surefire-test-report-3.0.xsd" version="3.0" name="TestSuite" time="157.038" tests="8" errors="0" skipped="0" failures="3">
  <properties>
[...]
</properties>
  <testcase name="runScenario[&quot;Delete the items in cart&quot;, &quot;Cart&quot;](1)" classname="TestCumber.TestRunner" time="14.245">
    <system-out><![CDATA[2023-01-26 23:12:35.265
26012023_111235
Test started
.\ReportsExecution\ReportsExecution_26012023_111235.html
runScenario Starting
Successfully removed the item from cart
runScenario Test PAssed
]]></system-out>
    <system-err><![CDATA[SLF4J: No SLF4J providers were found.
SLF4J: Defaulting to no-operation (NOP) logger implementation
SLF4J: See https://www.slf4j.org/codes.html#noProviders for further details.
ERROR StatusLogger Log4j2 could not find a logging implementation. Please add log4j-core to the classpath. Using SimpleLogger to log to the console...
Starting Microsoft Edge WebDriver 109.0.1518.61 (354b36f96babfabf4b1ee8754f550d1b74ae0d14) on port 15992
To submit feedback, report a bug, or suggest new features, please visit https://github.com/MicrosoftEdge/EdgeWebDriver

Only local connections are allowed.
Please see https://aka.ms/WebDriverSecurity for suggestions on keeping Microsoft Edge WebDriver safe.

Microsoft Edge WebDriver was started successfully.
Jan 26, 2023 11:12:31 PM org.openqa.selenium.devtools.CdpVersionFinder findNearestMatch
WARNING: Unable to find an exact match for CDP version 109, so returning the closest version found: 108
Starting Microsoft Edge WebDriver 109.0.1518.61 (354b36f96babfabf4b1ee8754f550d1b74ae0d14) on port 6645
To submit feedback, report a bug, or suggest new features, please visit https://github.com/MicrosoftEdge/EdgeWebDriver

Only local connections are allowed.
Please see https://aka.ms/WebDriverSecurity for suggestions on keeping Microsoft Edge WebDriver safe.

Microsoft Edge WebDriver was started successfully.
Jan 26, 2023 11:12:35 PM org.openqa.selenium.devtools.CdpVersionFinder findNearestMatch
WARNING: Unable to find an exact match for CDP version 109, so returning the closest version found: 108
Starting Microsoft Edge WebDriver 109.0.1518.61 (354b36f96babfabf4b1ee8754f550d1b74ae0d14) on port 43904
To submit feedback, report a bug, or suggest new features, please visit https://github.com/MicrosoftEdge/EdgeWebDriver

Only local connections are allowed.
Please see https://aka.ms/WebDriverSecurity for suggestions on keeping Microsoft Edge WebDriver safe.

Microsoft Edge WebDriver was started successfully.
Jan 26, 2023 11:12:39 PM org.openqa.selenium.devtools.CdpVersionFinder findNearestMatch
WARNING: Unable to find an exact match for CDP version 109, so returning the closest version found: 108
]]></system-err>
  </testcase>
  <testcase name="runScenario[&quot;Update the items in cart&quot;, &quot;Cart&quot;](2)" classname="TestCumber.TestRunner" time="13.72">
    <system-out><![CDATA[runScenario Starting
Successfully added the another item to cart
runScenario Test PAssed
]]></system-out>
    <system-err><![CDATA[Starting Microsoft Edge WebDriver 109.0.1518.61 (354b36f96babfabf4b1ee8754f550d1b74ae0d14) on port 11804
To submit feedback, report a bug, or suggest new features, please visit https://github.com/MicrosoftEdge/EdgeWebDriver

Only local connections are allowed.
Please see https://aka.ms/WebDriverSecurity for suggestions on keeping Microsoft Edge WebDriver safe.

Microsoft Edge WebDriver was started successfully.
Jan 26, 2023 11:12:53 PM org.openqa.selenium.devtools.CdpVersionFinder findNearestMatch
WARNING: Unable to find an exact match for CDP version 109, so returning the closest version found: 108
]]></system-err>
  </testcase>
  <testcase name="runScenario[&quot;Search for a dish,Print all names&quot;, &quot;Dish&quot;](3)" classname="TestCumber.TestRunner" time="17.711">
    <system-out><![CDATA[runScenario Starting
Item was found
---------------
Produt Name
---------------
By Genie Menie Combos
By Meghana Foods
By Savoury Restaurant
By Hyderabadi Family Pack Biryani
By Hotel Empire
By Punjabi Food Point
By Anjappar
By Hyderabadi Charminar Biryani
By Odisha Food Corner
By MEGNA RESTAURANT
By AMBUR HOT DUM BIRIYANI
By Dhaba Estd 1986 Delhi
By Hyderabadi Family Pack Biryani
By Golkonda Chimney
By Bengaluru Naati Point
By Hyderabadi Charminar Biryani
By Anjappar
By Odisha Food Corner
By Biryani Bhojana
By AKSHATHA NATI STYLE
By Tawakkal mubarak hotel
By Khane Ka Khazana Restaurant
By Donne Biriyani Mane
By MEGNA RESTAURANT
By Punjabi Food Point
By Kabali Biryani
By Sardarji Londonwaley
By Donne Biriyani House
By The Punjabi Rasoi
By Khan Saheb Grills and Rolls
By GOWDRU HOTEL
By Dhaba Estd 1986 Delhi
By Black Kitchen
By Chakh Le India
By Chakh Le India
By Parika
By Bengaluru Naati Point
By Barbeque Nation
By Golkonda Chimney
By Tawakkal mubarak hotel
By Kabali Biryani
By Sri Sai Ruchi
By Donne Biriyani House
By Donne Biriyani Mane
By Biryani Bhojana
By The Punjabi Rasoi
By Sardarji Londonwaley
By Barbeque Nation
By ARK DONNE BIRYANI
By Junior Kuppanna
By Rara Biryani
By Moti's Kitchen
By Calcutta Biryani Club
By Angel Mess
By Venus Biryani
By Donne Biryani House
By AMBUR DUM BIRIYANI
By Madeena Hotel
By Biryani Co. - Dum Biryanis Made to Order
By Aroma's Hyderabad House
By AMBUR BIRIYANI POINT
By BIRBAL DARBAR
By Biriyani Paradise
By Hotel Kavin
By Amma Mess
By Noons Kitchen
By BIRBAL DARBAR | GABBAR CHAI
By Hotel Salam
By Nanda's
By BIRBAL BIRYANI | GABBAR CHAI
By Kairali Restaurant
By Arin Kitchen
By Khai Khai
By Shaap
By Rekha Restaurant
By Tandoori Taal
By EDEN HUTS RESTAURANT
By Ambur Star Dum Biryani
By Lulus Bakery and Restaurant
By Royal Biriyani House
By Kidilum
By Chulha Chauki Da Dhaba
By NEW AMBUR BIRYANI
By Sri Sai Ruchi
By Ambur Hot Dum Biryani
By Kritunga Restaurant
By Achayyan's
By M.M. Biryani
By New Punjabi Hotel
By R k Hoskote dum biriyani
By COLLAGE BY TOSCANO
By CURRIES N FRIES
By NEW AMBUR HOT SPECIAL DUM BIRIYANI
By Breadfruit
By KARIM'S- Original from Jama Masjid Delhi- 6
By JAI'S BIRIYANI MANE
By Chetinad biryani house
By Kerala Pavilion Indiranagar
By Green Pepper
By Aromas of Biryani
By Malabar Hotel
---------------
Price
---------------
189
280
280
249
175
180
310
249
249
265
160
599
399
290
210
270
299
260
240
185
160
151
190
395
135
239
289
250
275
250
130
449
140
150
150
370
220
309
360
160
269
215
195
260
1100
235
299
419
180
245
295
180
350
170
200
250
125
170
269
285
120
269
170
130
210
300
269
105
198
269
210
235
299
180
169
315
165
120
180
290
195
269
110
190
130
290
140
139
195
150
425
220
130
210
260
139
209
195
179
265
165
runScenario Test PAssed
]]></system-out>
    <system-err><![CDATA[Starting Microsoft Edge WebDriver 109.0.1518.61 (354b36f96babfabf4b1ee8754f550d1b74ae0d14) on port 23825
To submit feedback, report a bug, or suggest new features, please visit https://github.com/MicrosoftEdge/EdgeWebDriver

Only local connections are allowed.
Please see https://aka.ms/WebDriverSecurity for suggestions on keeping Microsoft Edge WebDriver safe.

Microsoft Edge WebDriver was started successfully.
Jan 26, 2023 11:13:08 PM org.openqa.selenium.devtools.CdpVersionFinder findNearestMatch
WARNING: Unable to find an exact match for CDP version 109, so returning the closest version found: 108
]]></system-err>
  </testcase>
  <testcase name="runScenario[&quot;Add to Cart&quot;, &quot;Dish&quot;](4)" classname="TestCumber.TestRunner" time="20.732">
    <failure message="invalid selector: Unable to locate an element with the xpath expression //*[@id=\&quot;h1633584607\&quot;]/div[2]/div[1]/div[1]/div/div[2]/div[2]/div/div[1] because of the following error:&#10;SyntaxError: Failed to execute &apos;evaluate&apos; on &apos;Document&apos;: The string &apos;//*[@id=\&quot;h1633584607\&quot;]/div[2]/div[1]/div[1]/div/div[2]/div[2]/div/div[1]&apos; is not a valid XPath expression.&#10;  (Session info: MicrosoftEdge=109.0.1518.69)&#10;For documentation on this error, please visit: https://selenium.dev/exceptions/#invalid_selector_exception&#10;Build info: version: &apos;4.7.2&apos;, revision: &apos;4d4020c3b7&apos;&#10;System info: os.name: &apos;Windows 10&apos;, os.arch: &apos;amd64&apos;, os.version: &apos;10.0&apos;, java.version: &apos;11.0.16.1&apos;&#10;Driver info: org.openqa.selenium.edge.EdgeDriver&#10;Command: [6e3f06cb4400984b3be17be0e8759cae, findElement {using=xpath, value=//*[@id=\&quot;h1633584607\&quot;]/div[2]/div[1]/div[1]/div/div[2]/div[2]/div/div[1]}]&#10;Capabilities {acceptInsecureCerts: false, browserName: msedge, browserVersion: 109.0.1518.69, ms:edgeOptions: {debuggerAddress: localhost:51201}, msedge: {msedgedriverVersion: 109.0.1518.61 (354b36f96bab..., userDataDir: C:\Users\gupavank\AppData\L...}, networkConnectionEnabled: false, pageLoadStrategy: normal, platformName: WINDOWS, proxy: Proxy(), se:cdp: ws://localhost:51201/devtoo..., se:cdpVersion: 109.0.1518.69, setWindowRect: true, strictFileInteractability: false, timeouts: {implicit: 0, pageLoad: 300000, script: 30000}, unhandledPromptBehavior: dismiss and notify, webauthn:extension:credBlob: true, webauthn:extension:largeBlob: true, webauthn:virtualAuthenticators: true}&#10;Session ID: 6e3f06cb4400984b3be17be0e8759cae" type="org.openqa.selenium.InvalidSelectorException"><![CDATA[org.openqa.selenium.InvalidSelectorException: 
invalid selector: Unable to locate an element with the xpath expression //*[@id=\"h1633584607\"]/div[2]/div[1]/div[1]/div/div[2]/div[2]/div/div[1] because of the following error:
SyntaxError: Failed to execute 'evaluate' on 'Document': The string '//*[@id=\"h1633584607\"]/div[2]/div[1]/div[1]/div/div[2]/div[2]/div/div[1]' is not a valid XPath expression.
  (Session info: MicrosoftEdge=109.0.1518.69)
For documentation on this error, please visit: https://selenium.dev/exceptions/#invalid_selector_exception
Build info: version: '4.7.2', revision: '4d4020c3b7'
System info: os.name: 'Windows 10', os.arch: 'amd64', os.version: '10.0', java.version: '11.0.16.1'
Driver info: org.openqa.selenium.edge.EdgeDriver
Command: [6e3f06cb4400984b3be17be0e8759cae, findElement {using=xpath, value=//*[@id=\"h1633584607\"]/div[2]/div[1]/div[1]/div/div[2]/div[2]/div/div[1]}]
Capabilities {acceptInsecureCerts: false, browserName: msedge, browserVersion: 109.0.1518.69, ms:edgeOptions: {debuggerAddress: localhost:51201}, msedge: {msedgedriverVersion: 109.0.1518.61 (354b36f96bab..., userDataDir: C:\Users\gupavank\AppData\L...}, networkConnectionEnabled: false, pageLoadStrategy: normal, platformName: WINDOWS, proxy: Proxy(), se:cdp: ws://localhost:51201/devtoo..., se:cdpVersion: 109.0.1518.69, setWindowRect: true, strictFileInteractability: false, timeouts: {implicit: 0, pageLoad: 300000, script: 30000}, unhandledPromptBehavior: dismiss and notify, webauthn:extension:credBlob: true, webauthn:extension:largeBlob: true, webauthn:virtualAuthenticators: true}
Session ID: 6e3f06cb4400984b3be17be0e8759cae
	at java.base/jdk.internal.reflect.NativeConstructorAccessorImpl.newInstance0(Native Method)
	at java.base/jdk.internal.reflect.NativeConstructorAccessorImpl.newInstance(NativeConstructorAccessorImpl.java:62)
	at java.base/jdk.internal.reflect.DelegatingConstructorAccessorImpl.newInstance(DelegatingConstructorAccessorImpl.java:45)
	at java.base/java.lang.reflect.Constructor.newInstance(Constructor.java:490)
	at org.openqa.selenium.remote.codec.w3c.W3CHttpResponseCodec.createException(W3CHttpResponseCodec.java:200)
	at org.openqa.selenium.remote.codec.w3c.W3CHttpResponseCodec.decode(W3CHttpResponseCodec.java:133)
	at org.openqa.selenium.remote.codec.w3c.W3CHttpResponseCodec.decode(W3CHttpResponseCodec.java:53)
	at org.openqa.selenium.remote.HttpCommandExecutor.execute(HttpCommandExecutor.java:184)
	at org.openqa.selenium.remote.service.DriverCommandExecutor.invokeExecute(DriverCommandExecutor.java:167)
	at org.openqa.selenium.remote.service.DriverCommandExecutor.execute(DriverCommandExecutor.java:142)
	at org.openqa.selenium.remote.RemoteWebDriver.execute(RemoteWebDriver.java:535)
	at org.openqa.selenium.remote.ElementLocation$ElementFinder$2.findElement(ElementLocation.java:162)
	at org.openqa.selenium.remote.ElementLocation.findElement(ElementLocation.java:60)
	at org.openqa.selenium.remote.RemoteWebDriver.findElement(RemoteWebDriver.java:351)
	at org.openqa.selenium.remote.RemoteWebDriver.findElement(RemoteWebDriver.java:343)
	at Procedure.DishSteps.i_select_one_item(DishSteps.java:103)
	at ✽.I select one item(file:///C:/Users/gupavank/eclipse-workspace/Swiggy/Features/Dish.feature:48)
]]></failure>
    <system-out><![CDATA[runScenario Starting
Item was found
runScenario test FAiled
]]></system-out>
    <system-err><![CDATA[Starting Microsoft Edge WebDriver 109.0.1518.61 (354b36f96babfabf4b1ee8754f550d1b74ae0d14) on port 35108
To submit feedback, report a bug, or suggest new features, please visit https://github.com/MicrosoftEdge/EdgeWebDriver

Only local connections are allowed.
Please see https://aka.ms/WebDriverSecurity for suggestions on keeping Microsoft Edge WebDriver safe.

Microsoft Edge WebDriver was started successfully.
Jan 26, 2023 11:13:25 PM org.openqa.selenium.devtools.CdpVersionFinder findNearestMatch
WARNING: Unable to find an exact match for CDP version 109, so returning the closest version found: 108
]]></system-err>
  </testcase>
  <testcase name="runScenario[&quot;Set the Location&quot;, &quot;Location&quot;](5)" classname="TestCumber.TestRunner" time="9.694">
    <system-out><![CDATA[runScenario Starting
Set The location
runScenario Test PAssed
]]></system-out>
    <system-err><![CDATA[Starting Microsoft Edge WebDriver 109.0.1518.61 (354b36f96babfabf4b1ee8754f550d1b74ae0d14) on port 39364
To submit feedback, report a bug, or suggest new features, please visit https://github.com/MicrosoftEdge/EdgeWebDriver

Only local connections are allowed.
Please see https://aka.ms/WebDriverSecurity for suggestions on keeping Microsoft Edge WebDriver safe.

Microsoft Edge WebDriver was started successfully.
Jan 26, 2023 11:13:46 PM org.openqa.selenium.devtools.CdpVersionFinder findNearestMatch
WARNING: Unable to find an exact match for CDP version 109, so returning the closest version found: 108
]]></system-err>
  </testcase>
  <testcase name="runScenario[&quot;Update the Location&quot;, &quot;Location&quot;](6)" classname="TestCumber.TestRunner" time="12.867">
    <system-out><![CDATA[runScenario Starting
Change the location
runScenario Test PAssed
]]></system-out>
    <system-err><![CDATA[Starting Microsoft Edge WebDriver 109.0.1518.61 (354b36f96babfabf4b1ee8754f550d1b74ae0d14) on port 38662
To submit feedback, report a bug, or suggest new features, please visit https://github.com/MicrosoftEdge/EdgeWebDriver

Only local connections are allowed.
Please see https://aka.ms/WebDriverSecurity for suggestions on keeping Microsoft Edge WebDriver safe.

Microsoft Edge WebDriver was started successfully.
Jan 26, 2023 11:13:55 PM org.openqa.selenium.devtools.CdpVersionFinder findNearestMatch
WARNING: Unable to find an exact match for CDP version 109, so returning the closest version found: 108
[1674755042.895][SEVERE]: Unable to receive message from renderer
]]></system-err>
  </testcase>
  <testcase name="test1" classname="TestCumber.TestRunner" time="56.665">
    <failure message="disconnected: unable to connect to renderer&#10;  (failed to check if window was closed: disconnected: unable to connect to renderer)&#10;  (Session info: MicrosoftEdge=109.0.1518.69)&#10;Build info: version: &apos;4.7.2&apos;, revision: &apos;4d4020c3b7&apos;&#10;System info: os.name: &apos;Windows 10&apos;, os.arch: &apos;amd64&apos;, os.version: &apos;10.0&apos;, java.version: &apos;11.0.16.1&apos;&#10;Driver info: org.openqa.selenium.edge.EdgeDriver&#10;Command: [1b03fe16e28435ba1a343bd835340cc1, close {}]&#10;Capabilities {acceptInsecureCerts: false, browserName: msedge, browserVersion: 109.0.1518.69, ms:edgeOptions: {debuggerAddress: localhost:51322}, msedge: {msedgedriverVersion: 109.0.1518.61 (354b36f96bab..., userDataDir: C:\Users\gupavank\AppData\L...}, networkConnectionEnabled: false, pageLoadStrategy: normal, platformName: WINDOWS, proxy: Proxy(), se:cdp: ws://localhost:51322/devtoo..., se:cdpVersion: 109.0.1518.69, setWindowRect: true, strictFileInteractability: false, timeouts: {implicit: 0, pageLoad: 300000, script: 30000}, unhandledPromptBehavior: dismiss and notify, webauthn:extension:credBlob: true, webauthn:extension:largeBlob: true, webauthn:virtualAuthenticators: true}&#10;Session ID: 1b03fe16e28435ba1a343bd835340cc1" type="org.openqa.selenium.WebDriverException"><![CDATA[org.openqa.selenium.WebDriverException: 
disconnected: unable to connect to renderer
  (failed to check if window was closed: disconnected: unable to connect to renderer)
  (Session info: MicrosoftEdge=109.0.1518.69)
Build info: version: '4.7.2', revision: '4d4020c3b7'
System info: os.name: 'Windows 10', os.arch: 'amd64', os.version: '10.0', java.version: '11.0.16.1'
Driver info: org.openqa.selenium.edge.EdgeDriver
Command: [1b03fe16e28435ba1a343bd835340cc1, close {}]
Capabilities {acceptInsecureCerts: false, browserName: msedge, browserVersion: 109.0.1518.69, ms:edgeOptions: {debuggerAddress: localhost:51322}, msedge: {msedgedriverVersion: 109.0.1518.61 (354b36f96bab..., userDataDir: C:\Users\gupavank\AppData\L...}, networkConnectionEnabled: false, pageLoadStrategy: normal, platformName: WINDOWS, proxy: Proxy(), se:cdp: ws://localhost:51322/devtoo..., se:cdpVersion: 109.0.1518.69, setWindowRect: true, strictFileInteractability: false, timeouts: {implicit: 0, pageLoad: 300000, script: 30000}, unhandledPromptBehavior: dismiss and notify, webauthn:extension:credBlob: true, webauthn:extension:largeBlob: true, webauthn:virtualAuthenticators: true}
Session ID: 1b03fe16e28435ba1a343bd835340cc1
	at java.base/jdk.internal.reflect.NativeConstructorAccessorImpl.newInstance0(Native Method)
	at java.base/jdk.internal.reflect.NativeConstructorAccessorImpl.newInstance(NativeConstructorAccessorImpl.java:62)
	at java.base/jdk.internal.reflect.DelegatingConstructorAccessorImpl.newInstance(DelegatingConstructorAccessorImpl.java:45)
	at java.base/java.lang.reflect.Constructor.newInstance(Constructor.java:490)
	at org.openqa.selenium.remote.codec.w3c.W3CHttpResponseCodec.createException(W3CHttpResponseCodec.java:200)
	at org.openqa.selenium.remote.codec.w3c.W3CHttpResponseCodec.decode(W3CHttpResponseCodec.java:133)
	at org.openqa.selenium.remote.codec.w3c.W3CHttpResponseCodec.decode(W3CHttpResponseCodec.java:53)
	at org.openqa.selenium.remote.HttpCommandExecutor.execute(HttpCommandExecutor.java:184)
	at org.openqa.selenium.remote.service.DriverCommandExecutor.invokeExecute(DriverCommandExecutor.java:167)
	at org.openqa.selenium.remote.service.DriverCommandExecutor.execute(DriverCommandExecutor.java:142)
	at org.openqa.selenium.remote.RemoteWebDriver.execute(RemoteWebDriver.java:535)
	at org.openqa.selenium.remote.RemoteWebDriver.execute(RemoteWebDriver.java:590)
	at org.openqa.selenium.remote.RemoteWebDriver.execute(RemoteWebDriver.java:594)
	at org.openqa.selenium.remote.RemoteWebDriver.close(RemoteWebDriver.java:418)
	at Excel.ExcelOperation.readExcel(ExcelOperation.java:67)
	at TestCumber.TestRunner.test1(TestRunner.java:34)
	at java.base/jdk.internal.reflect.NativeMethodAccessorImpl.invoke0(Native Method)
	at java.base/jdk.internal.reflect.NativeMethodAccessorImpl.invoke(NativeMethodAccessorImpl.java:62)
	at java.base/jdk.internal.reflect.DelegatingMethodAccessorImpl.invoke(DelegatingMethodAccessorImpl.java:43)
	at java.base/java.lang.reflect.Method.invoke(Method.java:566)
	at org.testng.internal.MethodInvocationHelper.invokeMethod(MethodInvocationHelper.java:85)
	at org.testng.internal.Invoker.invokeMethod(Invoker.java:639)
	at org.testng.internal.Invoker.invokeTestMethod(Invoker.java:816)
	at org.testng.internal.Invoker.invokeTestMethods(Invoker.java:1124)
	at org.testng.internal.TestMethodWorker.invokeTestMethods(TestMethodWorker.java:125)
	at org.testng.internal.TestMethodWorker.run(TestMethodWorker.java:108)
	at org.testng.TestRunner.privateRun(TestRunner.java:774)
	at org.testng.TestRunner.run(TestRunner.java:624)
	at org.testng.SuiteRunner.runTest(SuiteRunner.java:359)
	at org.testng.SuiteRunner.runSequentially(SuiteRunner.java:354)
	at org.testng.SuiteRunner.privateRun(SuiteRunner.java:312)
	at org.testng.SuiteRunner.run(SuiteRunner.java:261)
	at org.testng.SuiteRunnerWorker.runSuite(SuiteRunnerWorker.java:52)
	at org.testng.SuiteRunnerWorker.run(SuiteRunnerWorker.java:86)
	at org.testng.TestNG.runSuitesSequentially(TestNG.java:1191)
	at org.testng.TestNG.runSuitesLocally(TestNG.java:1116)
	at org.testng.TestNG.run(TestNG.java:1024)
	at org.apache.maven.surefire.testng.TestNGExecutor.run(TestNGExecutor.java:324)
	at org.apache.maven.surefire.testng.TestNGXmlTestSuite.execute(TestNGXmlTestSuite.java:74)
	at org.apache.maven.surefire.testng.TestNGProvider.invoke(TestNGProvider.java:123)
	at org.apache.maven.surefire.booter.ForkedBooter.runSuitesInProcess(ForkedBooter.java:456)
	at org.apache.maven.surefire.booter.ForkedBooter.execute(ForkedBooter.java:169)
	at org.apache.maven.surefire.booter.ForkedBooter.run(ForkedBooter.java:595)
	at org.apache.maven.surefire.booter.ForkedBooter.main(ForkedBooter.java:581)
]]></failure>
    <system-out><![CDATA[test1 Starting
Item was found
---------------
Produt Name
---------------
By Genie Menie Combos
By Meghana Foods
By Savoury Restaurant
By Hyderabadi Family Pack Biryani
By Hotel Empire
By Punjabi Food Point
By Anjappar
By Hyderabadi Charminar Biryani
By Odisha Food Corner
By MEGNA RESTAURANT
By AMBUR HOT DUM BIRIYANI
By Dhaba Estd 1986 Delhi
By Hyderabadi Family Pack Biryani
By Golkonda Chimney
By Bengaluru Naati Point
By Hyderabadi Charminar Biryani
By Anjappar
By Odisha Food Corner
By Biryani Bhojana
By AKSHATHA NATI STYLE
By Tawakkal mubarak hotel
By Khane Ka Khazana Restaurant
By Donne Biriyani Mane
By MEGNA RESTAURANT
By Punjabi Food Point
By Kabali Biryani
By Sardarji Londonwaley
By Donne Biriyani House
By The Punjabi Rasoi
By Khan Saheb Grills and Rolls
By GOWDRU HOTEL
By Dhaba Estd 1986 Delhi
By Black Kitchen
By Chakh Le India
By Chakh Le India
By Parika
By Bengaluru Naati Point
By Barbeque Nation
By Golkonda Chimney
By Tawakkal mubarak hotel
By Kabali Biryani
By Sri Sai Ruchi
By Donne Biriyani House
By Donne Biriyani Mane
By Biryani Bhojana
By The Punjabi Rasoi
By Sardarji Londonwaley
By Barbeque Nation
By ARK DONNE BIRYANI
By Junior Kuppanna
By Rara Biryani
By Moti's Kitchen
By Calcutta Biryani Club
By Angel Mess
By Venus Biryani
By Donne Biryani House
By AMBUR DUM BIRIYANI
By Madeena Hotel
By Biryani Co. - Dum Biryanis Made to Order
By Aroma's Hyderabad House
By AMBUR BIRIYANI POINT
By BIRBAL DARBAR
By Biriyani Paradise
By Hotel Kavin
By Amma Mess
By Noons Kitchen
By BIRBAL DARBAR | GABBAR CHAI
By Hotel Salam
By Nanda's
By BIRBAL BIRYANI | GABBAR CHAI
By Kairali Restaurant
By Arin Kitchen
By Khai Khai
By Shaap
By Rekha Restaurant
By Tandoori Taal
By EDEN HUTS RESTAURANT
By Ambur Star Dum Biryani
By Lulus Bakery and Restaurant
By Royal Biriyani House
By Kidilum
By Chulha Chauki Da Dhaba
By NEW AMBUR BIRYANI
By Sri Sai Ruchi
By Ambur Hot Dum Biryani
By Kritunga Restaurant
By Achayyan's
By M.M. Biryani
By New Punjabi Hotel
By R k Hoskote dum biriyani
By COLLAGE BY TOSCANO
By CURRIES N FRIES
By NEW AMBUR HOT SPECIAL DUM BIRIYANI
By Breadfruit
By KARIM'S- Original from Jama Masjid Delhi- 6
By JAI'S BIRIYANI MANE
By Chetinad biryani house
By Kerala Pavilion Indiranagar
By Green Pepper
By Aromas of Biryani
By Malabar Hotel
---------------
Price
---------------
189
280
280
249
175
180
310
249
249
265
160
599
399
290
210
270
299
260
240
185
160
151
190
395
135
239
289
250
275
250
130
449
140
150
150
370
220
309
360
160
269
215
195
260
1100
235
299
419
180
245
295
180
350
170
200
250
125
170
269
285
120
269
170
130
210
300
269
105
198
269
210
235
299
180
169
315
165
120
180
290
195
269
110
190
130
290
140
139
195
150
425
220
130
210
260
139
209
195
179
265
165
---------------
Produt Name
---------------
By Genie Menie Combos
By Meghana Foods
By Savoury Restaurant
By Hyderabadi Family Pack Biryani
By Hotel Empire
By Punjabi Food Point
By Anjappar
By Hyderabadi Charminar Biryani
By Odisha Food Corner
By MEGNA RESTAURANT
By AMBUR HOT DUM BIRIYANI
By Dhaba Estd 1986 Delhi
By Hyderabadi Family Pack Biryani
By Golkonda Chimney
By Bengaluru Naati Point
By Hyderabadi Charminar Biryani
By Anjappar
By Odisha Food Corner
By Biryani Bhojana
By AKSHATHA NATI STYLE
By Tawakkal mubarak hotel
By Khane Ka Khazana Restaurant
By Donne Biriyani Mane
By MEGNA RESTAURANT
By Punjabi Food Point
By Kabali Biryani
By Sardarji Londonwaley
By Donne Biriyani House
By The Punjabi Rasoi
By Khan Saheb Grills and Rolls
By GOWDRU HOTEL
By Dhaba Estd 1986 Delhi
By Black Kitchen
By Chakh Le India
By Chakh Le India
By Parika
By Bengaluru Naati Point
By Barbeque Nation
By Golkonda Chimney
By Tawakkal mubarak hotel
By Kabali Biryani
By Sri Sai Ruchi
By Donne Biriyani House
By Donne Biriyani Mane
By Biryani Bhojana
By The Punjabi Rasoi
By Sardarji Londonwaley
By Barbeque Nation
By ARK DONNE BIRYANI
By Junior Kuppanna
By Rara Biryani
By Moti's Kitchen
By Calcutta Biryani Club
By Angel Mess
By Venus Biryani
By Donne Biryani House
By AMBUR DUM BIRIYANI
By Madeena Hotel
By Biryani Co. - Dum Biryanis Made to Order
By Aroma's Hyderabad House
By AMBUR BIRIYANI POINT
By BIRBAL DARBAR
By Biriyani Paradise
By Hotel Kavin
By Amma Mess
By Noons Kitchen
By BIRBAL DARBAR | GABBAR CHAI
By Hotel Salam
By Nanda's
By BIRBAL BIRYANI | GABBAR CHAI
By Kairali Restaurant
By Arin Kitchen
By Khai Khai
By Shaap
By Rekha Restaurant
By Tandoori Taal
By EDEN HUTS RESTAURANT
By Ambur Star Dum Biryani
By Lulus Bakery and Restaurant
By Royal Biriyani House
By Kidilum
By Chulha Chauki Da Dhaba
By NEW AMBUR BIRYANI
By Sri Sai Ruchi
By Ambur Hot Dum Biryani
By Kritunga Restaurant
By Achayyan's
By M.M. Biryani
By New Punjabi Hotel
By R k Hoskote dum biriyani
By COLLAGE BY TOSCANO
By CURRIES N FRIES
By NEW AMBUR HOT SPECIAL DUM BIRIYANI
By Breadfruit
By KARIM'S- Original from Jama Masjid Delhi- 6
By JAI'S BIRIYANI MANE
By Chetinad biryani house
By Kerala Pavilion Indiranagar
By Green Pepper
By Aromas of Biryani
By Malabar Hotel
---------------
Price
---------------
189
280
280
249
175
180
310
249
249
265
160
599
399
290
210
270
299
260
240
185
160
151
190
395
135
239
289
250
275
250
130
449
140
150
150
370
220
309
360
160
269
215
195
260
1100
235
299
419
180
245
295
180
350
170
200
250
125
170
269
285
120
269
170
130
210
300
269
105
198
269
210
235
299
180
169
315
165
120
180
290
195
269
110
190
130
290
140
139
195
150
425
220
130
210
260
139
209
195
179
265
165
test1 test FAiled
]]></system-out>
    <system-err><![CDATA[Starting Microsoft Edge WebDriver 109.0.1518.61 (354b36f96babfabf4b1ee8754f550d1b74ae0d14) on port 1983
To submit feedback, report a bug, or suggest new features, please visit https://github.com/MicrosoftEdge/EdgeWebDriver

Only local connections are allowed.
Please see https://aka.ms/WebDriverSecurity for suggestions on keeping Microsoft Edge WebDriver safe.

Microsoft Edge WebDriver was started successfully.
Jan 26, 2023 11:14:08 PM org.openqa.selenium.devtools.CdpVersionFinder findNearestMatch
WARNING: Unable to find an exact match for CDP version 109, so returning the closest version found: 108
[1674755073.163][WARNING]: Timed out connecting to Chrome, retrying...
[1674755081.262][WARNING]: Timed out connecting to Chrome, retrying...
[1674755089.352][WARNING]: Timed out connecting to Chrome, retrying...
[1674755097.455][WARNING]: Timed out connecting to Chrome, retrying...
]]></system-err>
  </testcase>
  <testcase name="test2" classname="TestCumber.TestRunner" time="0">
    <failure type="java.lang.NullPointerException"><![CDATA[java.lang.NullPointerException
	at Procedure.DishSteps.Price_name1(DishSteps.java:71)
	at TestCumber.TestRunner.test2(TestRunner.java:61)
	at java.base/jdk.internal.reflect.NativeMethodAccessorImpl.invoke0(Native Method)
	at java.base/jdk.internal.reflect.NativeMethodAccessorImpl.invoke(NativeMethodAccessorImpl.java:62)
	at java.base/jdk.internal.reflect.DelegatingMethodAccessorImpl.invoke(DelegatingMethodAccessorImpl.java:43)
	at java.base/java.lang.reflect.Method.invoke(Method.java:566)
	at org.testng.internal.MethodInvocationHelper.invokeMethod(MethodInvocationHelper.java:85)
	at org.testng.internal.Invoker.invokeMethod(Invoker.java:639)
	at org.testng.internal.Invoker.invokeTestMethod(Invoker.java:816)
	at org.testng.internal.Invoker.invokeTestMethods(Invoker.java:1124)
	at org.testng.internal.TestMethodWorker.invokeTestMethods(TestMethodWorker.java:125)
	at org.testng.internal.TestMethodWorker.run(TestMethodWorker.java:108)
	at org.testng.TestRunner.privateRun(TestRunner.java:774)
	at org.testng.TestRunner.run(TestRunner.java:624)
	at org.testng.SuiteRunner.runTest(SuiteRunner.java:359)
	at org.testng.SuiteRunner.runSequentially(SuiteRunner.java:354)
	at org.testng.SuiteRunner.privateRun(SuiteRunner.java:312)
	at org.testng.SuiteRunner.run(SuiteRunner.java:261)
	at org.testng.SuiteRunnerWorker.runSuite(SuiteRunnerWorker.java:52)
	at org.testng.SuiteRunnerWorker.run(SuiteRunnerWorker.java:86)
	at org.testng.TestNG.runSuitesSequentially(TestNG.java:1191)
	at org.testng.TestNG.runSuitesLocally(TestNG.java:1116)
	at org.testng.TestNG.run(TestNG.java:1024)
	at org.apache.maven.surefire.testng.TestNGExecutor.run(TestNGExecutor.java:324)
	at org.apache.maven.surefire.testng.TestNGXmlTestSuite.execute(TestNGXmlTestSuite.java:74)
	at org.apache.maven.surefire.testng.TestNGProvider.invoke(TestNGProvider.java:123)
	at org.apache.maven.surefire.booter.ForkedBooter.runSuitesInProcess(ForkedBooter.java:456)
	at org.apache.maven.surefire.booter.ForkedBooter.execute(ForkedBooter.java:169)
	at org.apache.maven.surefire.booter.ForkedBooter.run(ForkedBooter.java:595)
	at org.apache.maven.surefire.booter.ForkedBooter.main(ForkedBooter.java:581)
]]></failure>
    <system-out><![CDATA[test2 Starting
test2 test FAiled
]]></system-out>
  </testcase>
</testsuite>